cameraPreview/build/outputs/logs/manifest-merger-debug-report.txt
-- Merging decision tree log ---
manifest
ADDED from src\main\AndroidManifest.xml:2:1-66:12
	package
		ADDED from src\main\AndroidManifest.xml:3:11-46
		INJECTED from src\main\AndroidManifest.xml
		INJECTED from src\main\AndroidManifest.xml
	android:versionName
		ADDED from src\main\AndroidManifest.xml:5:11-36
		INJECTED from src\main\AndroidManifest.xml
		INJECTED from src\main\AndroidManifest.xml
	android:versionCode
		ADDED from src\main\AndroidManifest.xml:4:11-34
		INJECTED from src\main\AndroidManifest.xml
		INJECTED from src\main\AndroidManifest.xml
	xmlns:android
		ADDED from src\main\AndroidManifest.xml:2:11-69
uses-permission#android.permission.CAMERA
ADDED from src\main\AndroidManifest.xml:7:5-64
	android:name
		ADDED from src\main\AndroidManifest.xml:7:22-62
uses-feature#android.hardware.camera
ADDED from src\main\AndroidManifest.xml:9:5-59
	android:name
		ADDED from src\main\AndroidManifest.xml:9:19-57
uses-permission#android.permission.WRITE_EXTERNAL_STORAGE
ADDED from src\main\AndroidManifest.xml:11:5-80
	android:name
		ADDED from src\main\AndroidManifest.xml:11:22-78
uses-permission#android.permission.READ_EXTERNAL_STORAGE
ADDED from src\main\AndroidManifest.xml:12:5-79
	android:name
		ADDED from src\main\AndroidManifest.xml:12:22-77
uses-permission#android.permission.READ_PHONE_STATE
ADDED from src\main\AndroidManifest.xml:13:5-74
	android:name
		ADDED from src\main\AndroidManifest.xml:13:22-72
uses-permission#android.permission.INTERNET
ADDED from src\main\AndroidManifest.xml:14:5-66
	android:name
		ADDED from src\main\AndroidManifest.xml:14:22-64
uses-permission#android.permission.ACCESS_NETWORK_STATE
ADDED from src\main\AndroidManifest.xml:15:5-78
	android:name
		ADDED from src\main\AndroidManifest.xml:15:22-76
uses-permission#android.permission.ACCESS_WIFI_STATE
ADDED from src\main\AndroidManifest.xml:16:5-75
	android:name
		ADDED from src\main\AndroidManifest.xml:16:22-73
uses-permission#android.permission.READ_LOGS
ADDED from src\main\AndroidManifest.xml:17:5-67
	android:name
		ADDED from src\main\AndroidManifest.xml:17:22-65
uses-permission#android.permission.READ_FRAME_BUFFER
ADDED from src\main\AndroidManifest.xml:18:5-75
	android:name
		ADDED from src\main\AndroidManifest.xml:18:22-73
application
ADDED from src\main\AndroidManifest.xml:20:5-64:19
MERGED from [com.android.support:appcompat-v7:22.2.0] AndroidManifest.xml:22:5-20
MERGED from [com.android.support:support-v4:22.2.0] AndroidManifest.xml:22:5-20
MERGED from [com.android.support.constraint:constraint-layout:1.0.0-beta1] AndroidManifest.xml:9:5-20
	android:label
		ADDED from src\main\AndroidManifest.xml:24:9-41
	android:allowBackup
		ADDED from src\main\AndroidManifest.xml:22:9-35
	android:icon
		ADDED from src\main\AndroidManifest.xml:23:9-45
	android:theme
		ADDED from src\main\AndroidManifest.xml:25:9-40
	android:name
		ADDED from src\main\AndroidManifest.xml:21:9-38
activity#org.camera.activity.CameraSurfaceTextureActivity
ADDED from src\main\AndroidManifest.xml:26:9-30:20
	android:label
		ADDED from src\main\AndroidManifest.xml:28:13-45
	android:theme
		ADDED from src\main\AndroidManifest.xml:29:13-77
	android:name
		ADDED from src\main\AndroidManifest.xml:27:13-76
activity#test.CameraCaptureActivity
ADDED from src\main\AndroidManifest.xml:31:9-35:20
	android:label
		ADDED from src\main\AndroidManifest.xml:33:13-45
	android:theme
		ADDED from src\main\AndroidManifest.xml:34:13-77
	android:name
		ADDED from src\main\AndroidManifest.xml:32:13-54
activity#test.CameraEncodeActivity
ADDED from src\main\AndroidManifest.xml:36:9-42:20
	android:label
		ADDED from src\main\AndroidManifest.xml:38:13-35
	android:windowSoftInputMode
		ADDED from src\main\AndroidManifest.xml:40:13-60
	android:theme
		ADDED from src\main\AndroidManifest.xml:39:13-77
	android:name
		ADDED from src\main\AndroidManifest.xml:37:13-53
activity#test.Camera2EncodeActivity
ADDED from src\main\AndroidManifest.xml:43:9-46:20
	android:label
		ADDED from src\main\AndroidManifest.xml:45:13-36
	android:name
		ADDED from src\main\AndroidManifest.xml:44:13-54
activity#org.camera.activity.EncodeCameraPreviewActivity
ADDED from src\main\AndroidManifest.xml:47:9-48:20
	android:name
		ADDED from src\main\AndroidManifest.xml:47:19-81
activity#org.camera.activity.TextureFromCameraActivity
ADDED from src\main\AndroidManifest.xml:49:9-50:20
	android:name
		ADDED from src\main\AndroidManifest.xml:49:19-79
activity#org.camera.activity.PractiseActivity
ADDED from src\main\AndroidManifest.xml:51:9-52:20
	android:name
		ADDED from src\main\AndroidManifest.xml:51:19-70
activity#org.camera.activity.TakePictureActivity
ADDED from src\main\AndroidManifest.xml:53:9-54:20
	android:name
		ADDED from src\main\AndroidManifest.xml:53:19-73
activity#org.camera.activity.WebCameraActivity
ADDED from src\main\AndroidManifest.xml:55:9-56:20
	android:name
		ADDED from src\main\AndroidManifest.xml:55:19-71
activity#org.camera.activity.PlayMoiveActivity
ADDED from src\main\AndroidManifest.xml:57:9-63:20
	android:name
		ADDED from src\main\AndroidManifest.xml:57:19-71
intent-filter#android.intent.action.MAIN+android.intent.category.LAUNCHER
ADDED from src\main\AndroidManifest.xml:58:13-62:29
action#android.intent.action.MAIN
ADDED from src\main\AndroidManifest.xml:59:17-68
	android:name
		ADDED from src\main\AndroidManifest.xml:59:25-66
category#android.intent.category.LAUNCHER
ADDED from src\main\AndroidManifest.xml:61:17-76
	android:name
		ADDED from src\main\AndroidManifest.xml:61:27-74
uses-sdk
INJECTED from src\main\AndroidManifest.xml reason: use-sdk injection requested
MERGED from [A64Test:libvlc_new:unspecified] AndroidManifest.xml:7:5-9:41
MERGED from [com.android.support:appcompat-v7:22.2.0] AndroidManifest.xml:20:5-43
MERGED from [com.android.support:support-v4:22.2.0] AndroidManifest.xml:20:5-43
MERGED from [com.tencent.bugly:crashreport:2.6.6.1] AndroidManifest.xml:5:5-7:41
MERGED from [com.tencent.bugly:nativecrashreport:3.3.1] AndroidManifest.xml:5:5-7:41
MERGED from [com.android.support.constraint:constraint-layout:1.0.0-beta1] AndroidManifest.xml:5:5-7:41
	android:targetSdkVersion
		INJECTED from src\main\AndroidManifest.xml
		INJECTED from src\main\AndroidManifest.xml
	android:minSdkVersion
		INJECTED from src\main\AndroidManifest.xml
		INJECTED from src\main\AndroidManifest.xml